AH00112: Warning: DocumentRoot [/var/www/html] does not exist
AH00558: apache2: Could not reliably determine the server's fully qualified domain name, using 172.17.0.12. Set the 'ServerName' directive globally to suppress this message
[Sat May 30 11:47:39.275977 2015] [mpm_prefork:notice] [pid 9] AH00163: Apache/2.4.10 (Debian) configured -- resuming normal operations
[Sat May 30 11:47:39.278951 2015] [core:notice] [pid 9] AH00094: Command line: '/usr/sbin/apache2 -D FOREGROUND'
[Sat May 30 11:47:59.713310 2015] [core:warn] [pid 9] AH00045: child process 12 still did not exit, sending a SIGTERM
[Sat May 30 11:47:59.714753 2015] [core:warn] [pid 9] AH00045: child process 13 still did not exit, sending a SIGTERM
[Sat May 30 11:47:59.715121 2015] [core:warn] [pid 9] AH00045: child process 14 still did not exit, sending a SIGTERM
[Sat May 30 11:47:59.715343 2015] [core:warn] [pid 9] AH00045: child process 15 still did not exit, sending a SIGTERM
[Sat May 30 11:48:01.733888 2015] [core:warn] [pid 9] AH00045: child process 12 still did not exit, sending a SIGTERM
[Sat May 30 11:48:01.735141 2015] [core:warn] [pid 9] AH00045: child process 13 still did not exit, sending a SIGTERM
[Sat May 30 11:48:01.736672 2015] [core:warn] [pid 9] AH00045: child process 14 still did not exit, sending a SIGTERM
[Sat May 30 11:48:01.737668 2015] [core:warn] [pid 9] AH00045: child process 15 still did not exit, sending a SIGTERM
[Sat May 30 11:48:03.781677 2015] [core:warn] [pid 9] AH00045: child process 12 still did not exit, sending a SIGTERM
[Sat May 30 11:48:03.783444 2015] [core:warn] [pid 9] AH00045: child process 13 still did not exit, sending a SIGTERM
[Sat May 30 11:48:03.784792 2015] [core:warn] [pid 9] AH00045: child process 14 still did not exit, sending a SIGTERM
[Sat May 30 11:48:03.786023 2015] [core:warn] [pid 9] AH00045: child process 15 still did not exit, sending a SIGTERM
[Sat May 30 11:48:05.836043 2015] [core:error] [pid 9] AH00046: child process 12 still did not exit, sending a SIGKILL
[Sat May 30 11:48:05.837434 2015] [core:error] [pid 9] AH00046: child process 13 still did not exit, sending a SIGKILL
[Sat May 30 11:48:05.837434 2015] [core:error] [pid 9] AH00046: child process 14 still did not exit, sending a SIGKILL
[Sat May 30 11:48:05.837434 2015] [core:error] [pid 9] AH00046: child process 15 still did not exit, sending a SIGKILL
[Sat May 30 11:48:06.844749 2015] [mpm_prefork:notice] [pid 9] AH00169: caught SIGTERM, shutting down
AH00112: Warning: DocumentRoot [/var/www/html] does not exist
AH00558: apache2: Could not reliably determine the server's fully qualified domain name, using 172.17.0.13. Set the 'ServerName' directive globally to suppress this message
[Sat May 30 11:48:39.965985 2015] [mpm_prefork:notice] [pid 9] AH00163: Apache/2.4.10 (Debian) configured -- resuming normal operations
[Sat May 30 11:48:39.966939 2015] [core:notice] [pid 9] AH00094: Command line: '/usr/sbin/apache2 -D FOREGROUND'
[Sat May 30 11:49:43.093971 2015] [mpm_prefork:notice] [pid 9] AH00169: caught SIGTERM, shutting down
AH00112: Warning: DocumentRoot [/var/www/html] does not exist
AH00558: apache2: Could not reliably determine the server's fully qualified domain name, using 172.17.0.1. Set the 'ServerName' directive globally to suppress this message
[Sat May 30 11:50:26.100266 2015] [mpm_prefork:notice] [pid 8] AH00163: Apache/2.4.10 (Debian) configured -- resuming normal operations
[Sat May 30 11:50:26.105699 2015] [core:notice] [pid 8] AH00094: Command line: '/usr/sbin/apache2 -D FOREGROUND'
[Sat May 30 11:52:22.992824 2015] [core:warn] [pid 8] AH00045: child process 11 still did not exit, sending a SIGTERM
[Sat May 30 11:52:22.992926 2015] [core:warn] [pid 8] AH00045: child process 12 still did not exit, sending a SIGTERM
[Sat May 30 11:52:25.329779 2015] [core:warn] [pid 8] AH00045: child process 11 still did not exit, sending a SIGTERM
[Sat May 30 11:52:25.332720 2015] [core:warn] [pid 8] AH00045: child process 12 still did not exit, sending a SIGTERM
[Sat May 30 11:52:27.359277 2015] [core:warn] [pid 8] AH00045: child process 11 still did not exit, sending a SIGTERM
[Sat May 30 11:52:27.363217 2015] [core:warn] [pid 8] AH00045: child process 12 still did not exit, sending a SIGTERM
[Sat May 30 11:52:29.392697 2015] [core:error] [pid 8] AH00046: child process 11 still did not exit, sending a SIGKILL
[Sat May 30 11:52:29.392731 2015] [core:error] [pid 8] AH00046: child process 12 still did not exit, sending a SIGKILL
[Sat May 30 11:52:30.422165 2015] [mpm_prefork:notice] [pid 8] AH00169: caught SIGTERM, shutting down
AH00112: Warning: DocumentRoot [/var/www/html] does not exist
AH00558: apache2: Could not reliably determine the server's fully qualified domain name, using 172.17.0.2. Set the 'ServerName' directive globally to suppress this message
[Sat May 30 11:53:43.858007 2015] [mpm_prefork:notice] [pid 9] AH00163: Apache/2.4.10 (Debian) configured -- resuming normal operations
[Sat May 30 11:53:43.858792 2015] [core:notice] [pid 9] AH00094: Command line: '/usr/sbin/apache2 -D FOREGROUND'
AH00112: Warning: DocumentRoot [/var/www/html] does not exist
AH00558: apache2: Could not reliably determine the server's fully qualified domain name, using 172.17.0.3. Set the 'ServerName' directive globally to suppress this message
[Sat May 30 11:54:11.088173 2015] [mpm_prefork:notice] [pid 8] AH00163: Apache/2.4.10 (Debian) configured -- resuming normal operations
[Sat May 30 11:54:11.089027 2015] [core:notice] [pid 8] AH00094: Command line: '/usr/sbin/apache2 -D FOREGROUND'
AH00112: Warning: DocumentRoot [/var/www/html] does not exist
AH00558: apache2: Could not reliably determine the server's fully qualified domain name, using 172.17.0.5. Set the 'ServerName' directive globally to suppress this message
[Sat May 30 11:55:18.396943 2015] [mpm_prefork:notice] [pid 10] AH00163: Apache/2.4.10 (Debian) configured -- resuming normal operations
[Sat May 30 11:55:18.397876 2015] [core:notice] [pid 10] AH00094: Command line: '/usr/sbin/apache2 -D FOREGROUND'
AH00112: Warning: DocumentRoot [/var/www/html] does not exist
AH00558: apache2: Could not reliably determine the server's fully qualified domain name, using 172.17.0.6. Set the 'ServerName' directive globally to suppress this message
[Sat May 30 11:55:32.708642 2015] [mpm_prefork:notice] [pid 8] AH00163: Apache/2.4.10 (Debian) configured -- resuming normal operations
[Sat May 30 11:55:32.709982 2015] [core:notice] [pid 8] AH00094: Command line: '/usr/sbin/apache2 -D FOREGROUND'
[Sat May 30 11:56:04.045043 2015] [core:warn] [pid 8] AH00045: child process 12 still did not exit, sending a SIGTERM
[Sat May 30 11:56:04.048499 2015] [core:warn] [pid 8] AH00045: child process 14 still did not exit, sending a SIGTERM
[Sat May 30 11:56:06.057988 2015] [core:warn] [pid 8] AH00045: child process 12 still did not exit, sending a SIGTERM
[Sat May 30 11:56:06.058770 2015] [core:warn] [pid 8] AH00045: child process 14 still did not exit, sending a SIGTERM
[Sat May 30 11:56:06.458710 2015] [core:warn] [pid 8] AH00045: child process 10 still did not exit, sending a SIGTERM
[Sat May 30 11:56:06.458711 2015] [core:warn] [pid 8] AH00045: child process 11 still did not exit, sending a SIGTERM
[Sat May 30 11:56:06.458711 2015] [core:warn] [pid 8] AH00045: child process 12 still did not exit, sending a SIGTERM
[Sat May 30 11:56:06.458711 2015] [core:warn] [pid 8] AH00045: child process 13 still did not exit, sending a SIGTERM
[Sat May 30 11:56:08.071165 2015] [core:warn] [pid 8] AH00045: child process 12 still did not exit, sending a SIGTERM
[Sat May 30 11:56:08.073007 2015] [core:warn] [pid 8] AH00045: child process 14 still did not exit, sending a SIGTERM
[Sat May 30 11:56:08.563619 2015] [core:warn] [pid 8] AH00045: child process 10 still did not exit, sending a SIGTERM
[Sat May 30 11:56:08.564906 2015] [core:warn] [pid 8] AH00045: child process 11 still did not exit, sending a SIGTERM
[Sat May 30 11:56:08.565660 2015] [core:warn] [pid 8] AH00045: child process 12 still did not exit, sending a SIGTERM
[Sat May 30 11:56:08.565896 2015] [core:warn] [pid 8] AH00045: child process 13 still did not exit, sending a SIGTERM
[Sat May 30 11:56:10.092851 2015] [core:error] [pid 8] AH00046: child process 12 still did not exit, sending a SIGKILL
[Sat May 30 11:56:10.094497 2015] [core:error] [pid 8] AH00046: child process 14 still did not exit, sending a SIGKILL
[Sat May 30 11:56:10.576576 2015] [core:warn] [pid 8] AH00045: child process 10 still did not exit, sending a SIGTERM
[Sat May 30 11:56:10.577321 2015] [core:warn] [pid 8] AH00045: child process 11 still did not exit, sending a SIGTERM
[Sat May 30 11:56:10.577777 2015] [core:warn] [pid 8] AH00045: child process 12 still did not exit, sending a SIGTERM
[Sat May 30 11:56:10.578230 2015] [core:warn] [pid 8] AH00045: child process 13 still did not exit, sending a SIGTERM
[Sat May 30 11:56:11.108160 2015] [mpm_prefork:notice] [pid 8] AH00169: caught SIGTERM, shutting down
[Sat May 30 11:56:12.583638 2015] [core:error] [pid 8] AH00046: child process 10 still did not exit, sending a SIGKILL
[Sat May 30 11:56:12.586229 2015] [core:error] [pid 8] AH00046: child process 11 still did not exit, sending a SIGKILL
[Sat May 30 11:56:12.589894 2015] [core:error] [pid 8] AH00046: child process 12 still did not exit, sending a SIGKILL
[Sat May 30 11:56:12.597930 2015] [core:error] [pid 8] AH00046: child process 13 still did not exit, sending a SIGKILL
[Sat May 30 11:56:13.608970 2015] [mpm_prefork:notice] [pid 8] AH00169: caught SIGTERM, shutting down
[Sat May 30 11:57:35.173171 2015] [mpm_prefork:notice] [pid 25] AH00163: Apache/2.4.10 (Debian) configured -- resuming normal operations
[Sat May 30 11:57:35.174004 2015] [core:notice] [pid 25] AH00094: Command line: '/usr/sbin/apache2'
AH00112: Warning: DocumentRoot [/var/www/html] does not exist
AH00558: apache2: Could not reliably determine the server's fully qualified domain name, using 172.17.0.9. Set the 'ServerName' directive globally to suppress this message
[Sat May 30 12:13:33.526095 2015] [mpm_prefork:notice] [pid 9] AH00163: Apache/2.4.10 (Debian) configured -- resuming normal operations
[Sat May 30 12:13:33.526964 2015] [core:notice] [pid 9] AH00094: Command line: '/usr/sbin/apache2 -D FOREGROUND'
[Sat May 30 12:13:45.385599 2015] [core:warn] [pid 9] AH00045: child process 13 still did not exit, sending a SIGTERM
[Sat May 30 12:13:45.386734 2015] [core:warn] [pid 9] AH00045: child process 14 still did not exit, sending a SIGTERM
[Sat May 30 12:13:45.387082 2015] [core:warn] [pid 9] AH00045: child process 15 still did not exit, sending a SIGTERM
[Sat May 30 12:13:47.406441 2015] [core:warn] [pid 9] AH00045: child process 13 still did not exit, sending a SIGTERM
[Sat May 30 12:13:47.407161 2015] [core:warn] [pid 9] AH00045: child process 14 still did not exit, sending a SIGTERM
[Sat May 30 12:13:47.407527 2015] [core:warn] [pid 9] AH00045: child process 15 still did not exit, sending a SIGTERM
[Sat May 30 12:13:49.415496 2015] [core:warn] [pid 9] AH00045: child process 13 still did not exit, sending a SIGTERM
[Sat May 30 12:13:49.416008 2015] [core:warn] [pid 9] AH00045: child process 14 still did not exit, sending a SIGTERM
[Sat May 30 12:13:49.416310 2015] [core:warn] [pid 9] AH00045: child process 15 still did not exit, sending a SIGTERM
[Sat May 30 12:13:51.422737 2015] [core:error] [pid 9] AH00046: child process 13 still did not exit, sending a SIGKILL
[Sat May 30 12:13:51.423618 2015] [core:error] [pid 9] AH00046: child process 14 still did not exit, sending a SIGKILL
[Sat May 30 12:13:51.431119 2015] [core:error] [pid 9] AH00046: child process 15 still did not exit, sending a SIGKILL
[Sat May 30 12:13:52.435855 2015] [mpm_prefork:notice] [pid 9] AH00169: caught SIGTERM, shutting down
AH00112: Warning: DocumentRoot [/var/www/html] does not exist
AH00558: apache2: Could not reliably determine the server's fully qualified domain name, using 172.17.0.10. Set the 'ServerName' directive globally to suppress this message
[Sat May 30 12:14:21.290301 2015] [mpm_prefork:notice] [pid 9] AH00163: Apache/2.4.10 (Debian) configured -- resuming normal operations
[Sat May 30 12:14:21.291178 2015] [core:notice] [pid 9] AH00094: Command line: '/usr/sbin/apache2 -D FOREGROUND'
[Sat May 30 12:15:38.951576 2015] [core:warn] [pid 9] AH00045: child process 11 still did not exit, sending a SIGTERM
[Sat May 30 12:15:38.952605 2015] [core:warn] [pid 9] AH00045: child process 12 still did not exit, sending a SIGTERM
[Sat May 30 12:15:38.953071 2015] [core:warn] [pid 9] AH00045: child process 13 still did not exit, sending a SIGTERM
[Sat May 30 12:15:38.953544 2015] [core:warn] [pid 9] AH00045: child process 14 still did not exit, sending a SIGTERM
[Sat May 30 12:15:38.954138 2015] [core:warn] [pid 9] AH00045: child process 15 still did not exit, sending a SIGTERM
[Sat May 30 12:15:40.959761 2015] [core:warn] [pid 9] AH00045: child process 11 still did not exit, sending a SIGTERM
[Sat May 30 12:15:40.960691 2015] [core:warn] [pid 9] AH00045: child process 12 still did not exit, sending a SIGTERM
[Sat May 30 12:15:40.961243 2015] [core:warn] [pid 9] AH00045: child process 13 still did not exit, sending a SIGTERM
[Sat May 30 12:15:40.961751 2015] [core:warn] [pid 9] AH00045: child process 14 still did not exit, sending a SIGTERM
[Sat May 30 12:15:40.962281 2015] [core:warn] [pid 9] AH00045: child process 15 still did not exit, sending a SIGTERM
[Sat May 30 12:15:42.870726 2015] [core:warn] [pid 9] AH00045: child process 11 still did not exit, sending a SIGTERM
[Sat May 30 12:15:42.871250 2015] [core:warn] [pid 9] AH00045: child process 12 still did not exit, sending a SIGTERM
[Sat May 30 12:15:42.873225 2015] [core:warn] [pid 9] AH00045: child process 13 still did not exit, sending a SIGTERM
[Sat May 30 12:15:42.873638 2015] [core:warn] [pid 9] AH00045: child process 14 still did not exit, sending a SIGTERM
[Sat May 30 12:15:42.873982 2015] [core:warn] [pid 9] AH00045: child process 15 still did not exit, sending a SIGTERM
[Sat May 30 12:15:44.888270 2015] [core:error] [pid 9] AH00046: child process 11 still did not exit, sending a SIGKILL
[Sat May 30 12:15:44.889454 2015] [core:error] [pid 9] AH00046: child process 12 still did not exit, sending a SIGKILL
[Sat May 30 12:15:44.890141 2015] [core:error] [pid 9] AH00046: child process 13 still did not exit, sending a SIGKILL
[Sat May 30 12:15:44.890794 2015] [core:error] [pid 9] AH00046: child process 14 still did not exit, sending a SIGKILL
[Sat May 30 12:15:44.893861 2015] [core:error] [pid 9] AH00046: child process 15 still did not exit, sending a SIGKILL
[Sat May 30 12:15:45.917094 2015] [mpm_prefork:notice] [pid 9] AH00169: caught SIGTERM, shutting down
AH00112: Warning: DocumentRoot [/var/www/html] does not exist
AH00558: apache2: Could not reliably determine the server's fully qualified domain name, using 172.17.0.1. Set the 'ServerName' directive globally to suppress this message
[Sat May 30 12:17:12.887626 2015] [mpm_prefork:notice] [pid 8] AH00163: Apache/2.4.10 (Debian) configured -- resuming normal operations
[Sat May 30 12:17:12.888755 2015] [core:notice] [pid 8] AH00094: Command line: '/usr/sbin/apache2 -D FOREGROUND'
AH00112: Warning: DocumentRoot [/var/www/html] does not exist
AH00558: apache2: Could not reliably determine the server's fully qualified domain name, using 172.17.0.2. Set the 'ServerName' directive globally to suppress this message
[Sat May 30 12:20:29.367728 2015] [mpm_prefork:notice] [pid 8] AH00163: Apache/2.4.10 (Debian) configured -- resuming normal operations
[Sat May 30 12:20:29.368582 2015] [core:notice] [pid 8] AH00094: Command line: '/usr/sbin/apache2 -D FOREGROUND'
[Sat May 30 12:24:09.659629 2015] [core:warn] [pid 8] AH00045: child process 10 still did not exit, sending a SIGTERM
[Sat May 30 12:24:09.663233 2015] [core:warn] [pid 8] AH00045: child process 11 still did not exit, sending a SIGTERM
[Sat May 30 12:24:09.663233 2015] [core:warn] [pid 8] AH00045: child process 12 still did not exit, sending a SIGTERM
[Sat May 30 12:24:09.663233 2015] [core:warn] [pid 8] AH00045: child process 13 still did not exit, sending a SIGTERM
[Sat May 30 12:24:09.663233 2015] [core:warn] [pid 8] AH00045: child process 14 still did not exit, sending a SIGTERM
[Sat May 30 12:24:11.673453 2015] [core:warn] [pid 8] AH00045: child process 10 still did not exit, sending a SIGTERM
[Sat May 30 12:24:11.673453 2015] [core:warn] [pid 8] AH00045: child process 11 still did not exit, sending a SIGTERM
[Sat May 30 12:24:11.673453 2015] [core:warn] [pid 8] AH00045: child process 12 still did not exit, sending a SIGTERM
[Sat May 30 12:24:11.673453 2015] [core:warn] [pid 8] AH00045: child process 13 still did not exit, sending a SIGTERM
[Sat May 30 12:24:11.673453 2015] [core:warn] [pid 8] AH00045: child process 14 still did not exit, sending a SIGTERM
[Sat May 30 12:24:13.679174 2015] [core:warn] [pid 8] AH00045: child process 10 still did not exit, sending a SIGTERM
[Sat May 30 12:24:13.680537 2015] [core:warn] [pid 8] AH00045: child process 11 still did not exit, sending a SIGTERM
[Sat May 30 12:24:13.681270 2015] [core:warn] [pid 8] AH00045: child process 12 still did not exit, sending a SIGTERM
[Sat May 30 12:24:13.681867 2015] [core:warn] [pid 8] AH00045: child process 13 still did not exit, sending a SIGTERM
[Sat May 30 12:24:13.682388 2015] [core:warn] [pid 8] AH00045: child process 14 still did not exit, sending a SIGTERM
[Sat May 30 12:24:15.691672 2015] [core:error] [pid 8] AH00046: child process 10 still did not exit, sending a SIGKILL
[Sat May 30 12:24:15.693092 2015] [core:error] [pid 8] AH00046: child process 11 still did not exit, sending a SIGKILL
[Sat May 30 12:24:15.693211 2015] [core:error] [pid 8] AH00046: child process 12 still did not exit, sending a SIGKILL
[Sat May 30 12:24:15.693219 2015] [core:error] [pid 8] AH00046: child process 13 still did not exit, sending a SIGKILL
[Sat May 30 12:24:15.693221 2015] [core:error] [pid 8] AH00046: child process 14 still did not exit, sending a SIGKILL
[Sat May 30 12:24:16.709953 2015] [mpm_prefork:notice] [pid 8] AH00169: caught SIGTERM, shutting down
AH00112: Warning: DocumentRoot [/var/www/html] does not exist
AH00558: apache2: Could not reliably determine the server's fully qualified domain name, using 172.17.0.3. Set the 'ServerName' directive globally to suppress this message
[Sat May 30 12:25:32.925708 2015] [mpm_prefork:notice] [pid 12] AH00163: Apache/2.4.10 (Debian) configured -- resuming normal operations
[Sat May 30 12:25:32.930959 2015] [core:notice] [pid 12] AH00094: Command line: '/usr/sbin/apache2 -D FOREGROUND'
[Sat May 30 12:25:50.186931 2015] [mpm_prefork:notice] [pid 12] AH00169: caught SIGTERM, shutting down
AH00112: Warning: DocumentRoot [/var/www/html] does not exist
AH00558: apache2: Could not reliably determine the server's fully qualified domain name, using 172.17.0.3. Set the 'ServerName' directive globally to suppress this message
[Sat May 30 12:26:06.508855 2015] [mpm_prefork:notice] [pid 20] AH00163: Apache/2.4.10 (Debian) configured -- resuming normal operations
[Sat May 30 12:26:06.509614 2015] [core:notice] [pid 20] AH00094: Command line: '/usr/sbin/apache2 -D FOREGROUND'
[Sat May 30 12:26:12.482938 2015] [core:warn] [pid 20] AH00045: child process 22 still did not exit, sending a SIGTERM
[Sat May 30 12:26:12.483344 2015] [core:warn] [pid 20] AH00045: child process 23 still did not exit, sending a SIGTERM
[Sat May 30 12:26:12.483563 2015] [core:warn] [pid 20] AH00045: child process 24 still did not exit, sending a SIGTERM
[Sat May 30 12:26:12.483759 2015] [core:warn] [pid 20] AH00045: child process 25 still did not exit, sending a SIGTERM
[Sat May 30 12:26:14.487954 2015] [core:warn] [pid 20] AH00045: child process 22 still did not exit, sending a SIGTERM
[Sat May 30 12:26:14.489136 2015] [core:warn] [pid 20] AH00045: child process 23 still did not exit, sending a SIGTERM
[Sat May 30 12:26:14.489774 2015] [core:warn] [pid 20] AH00045: child process 24 still did not exit, sending a SIGTERM
[Sat May 30 12:26:14.490446 2015] [core:warn] [pid 20] AH00045: child process 25 still did not exit, sending a SIGTERM
[Sat May 30 12:26:16.495538 2015] [core:warn] [pid 20] AH00045: child process 22 still did not exit, sending a SIGTERM
[Sat May 30 12:26:16.496413 2015] [core:warn] [pid 20] AH00045: child process 23 still did not exit, sending a SIGTERM
[Sat May 30 12:26:16.496849 2015] [core:warn] [pid 20] AH00045: child process 24 still did not exit, sending a SIGTERM
[Sat May 30 12:26:16.497336 2015] [core:warn] [pid 20] AH00045: child process 25 still did not exit, sending a SIGTERM
[Sat May 30 12:26:19.189436 2015] [core:error] [pid 20] AH00046: child process 22 still did not exit, sending a SIGKILL
[Sat May 30 12:26:19.191008 2015] [core:error] [pid 20] AH00046: child process 23 still did not exit, sending a SIGKILL
[Sat May 30 12:26:19.195901 2015] [core:error] [pid 20] AH00046: child process 24 still did not exit, sending a SIGKILL
[Sat May 30 12:26:19.201510 2015] [core:error] [pid 20] AH00046: child process 25 still did not exit, sending a SIGKILL
[Sat May 30 12:26:20.205801 2015] [mpm_prefork:notice] [pid 20] AH00169: caught SIGTERM, shutting down
AH00112: Warning: DocumentRoot [/var/www/html] does not exist
AH00558: apache2: Could not reliably determine the server's fully qualified domain name, using 172.17.0.5. Set the 'ServerName' directive globally to suppress this message
[Sat May 30 12:29:06.333467 2015] [mpm_prefork:notice] [pid 9] AH00163: Apache/2.4.10 (Debian) configured -- resuming normal operations
[Sat May 30 12:29:06.334378 2015] [core:notice] [pid 9] AH00094: Command line: '/usr/sbin/apache2 -D FOREGROUND'
AH00112: Warning: DocumentRoot [/var/www/html] does not exist
AH00558: apache2: Could not reliably determine the server's fully qualified domain name, using 172.17.0.1. Set the 'ServerName' directive globally to suppress this message
[Sat May 30 12:34:03.423905 2015] [mpm_prefork:notice] [pid 9] AH00163: Apache/2.4.10 (Debian) configured -- resuming normal operations
[Sat May 30 12:34:03.424591 2015] [core:notice] [pid 9] AH00094: Command line: '/usr/sbin/apache2 -D FOREGROUND'
AH00112: Warning: DocumentRoot [/var/www/html] does not exist
AH00558: apache2: Could not reliably determine the server's fully qualified domain name, using 172.17.0.5. Set the 'ServerName' directive globally to suppress this message
[Sat May 30 12:45:53.340731 2015] [mpm_prefork:notice] [pid 8] AH00163: Apache/2.4.10 (Debian) configured -- resuming normal operations
[Sat May 30 12:45:53.341402 2015] [core:notice] [pid 8] AH00094: Command line: '/usr/sbin/apache2 -D FOREGROUND'
AH00112: Warning: DocumentRoot [/var/www/html] does not exist
AH00558: apache2: Could not reliably determine the server's fully qualified domain name, using 172.17.0.7. Set the 'ServerName' directive globally to suppress this message
[Sat May 30 12:51:47.479567 2015] [mpm_prefork:notice] [pid 10] AH00163: Apache/2.4.10 (Debian) configured -- resuming normal operations
[Sat May 30 12:51:47.480824 2015] [core:notice] [pid 10] AH00094: Command line: '/usr/sbin/apache2 -D FOREGROUND'
AH00112: Warning: DocumentRoot [/var/www/html] does not exist
AH00558: apache2: Could not reliably determine the server's fully qualified domain name, using 172.17.0.8. Set the 'ServerName' directive globally to suppress this message
[Sat May 30 12:53:05.379994 2015] [mpm_prefork:notice] [pid 9] AH00163: Apache/2.4.10 (Debian) configured -- resuming normal operations
[Sat May 30 12:53:05.381145 2015] [core:notice] [pid 9] AH00094: Command line: '/usr/sbin/apache2 -D FOREGROUND'
[Sat May 30 12:53:11.577908 2015] [core:warn] [pid 9] AH00045: child process 13 still did not exit, sending a SIGTERM
[Sat May 30 12:53:11.581025 2015] [core:warn] [pid 9] AH00045: child process 14 still did not exit, sending a SIGTERM
[Sat May 30 12:53:11.582289 2015] [core:warn] [pid 9] AH00045: child process 15 still did not exit, sending a SIGTERM
[Sat May 30 12:53:13.586310 2015] [core:warn] [pid 9] AH00045: child process 13 still did not exit, sending a SIGTERM
[Sat May 30 12:53:13.586619 2015] [core:warn] [pid 9] AH00045: child process 14 still did not exit, sending a SIGTERM
[Sat May 30 12:53:13.586822 2015] [core:warn] [pid 9] AH00045: child process 15 still did not exit, sending a SIGTERM
[Sat May 30 12:53:15.591057 2015] [core:warn] [pid 9] AH00045: child process 13 still did not exit, sending a SIGTERM
[Sat May 30 12:53:15.591726 2015] [core:warn] [pid 9] AH00045: child process 14 still did not exit, sending a SIGTERM
[Sat May 30 12:53:15.594174 2015] [core:warn] [pid 9] AH00045: child process 15 still did not exit, sending a SIGTERM
[Sat May 30 12:53:17.604271 2015] [core:error] [pid 9] AH00046: child process 13 still did not exit, sending a SIGKILL
[Sat May 30 12:53:17.604271 2015] [core:error] [pid 9] AH00046: child process 14 still did not exit, sending a SIGKILL
[Sat May 30 12:53:17.605615 2015] [core:error] [pid 9] AH00046: child process 15 still did not exit, sending a SIGKILL
[Sat May 30 12:53:18.613194 2015] [mpm_prefork:notice] [pid 9] AH00169: caught SIGTERM, shutting down
[Sat May 30 13:02:39.180686 2015] [mpm_prefork:notice] [pid 24] AH00163: Apache/2.4.10 (Debian) configured -- resuming normal operations
[Sat May 30 13:02:39.181998 2015] [core:notice] [pid 24] AH00094: Command line: '/usr/sbin/apache2'
[Sat May 30 13:04:08.116430 2015] [mpm_prefork:notice] [pid 24] AH00163: Apache/2.4.10 (Debian) configured -- resuming normal operations
[Sat May 30 13:04:08.117315 2015] [core:notice] [pid 24] AH00094: Command line: '/usr/sbin/apache2'
AH00558: apache2: Could not reliably determine the server's fully qualified domain name, using 172.17.0.1. Set the 'ServerName' directive globally to suppress this message
[Sat May 30 13:05:49.732510 2015] [mpm_prefork:notice] [pid 8] AH00163: Apache/2.4.10 (Debian) configured -- resuming normal operations
[Sat May 30 13:05:49.734010 2015] [core:notice] [pid 8] AH00094: Command line: '/usr/sbin/apache2 -D FOREGROUND'
[Sat May 30 13:05:51.855634 2015] [:error] [pid 10] [client 192.168.59.3:53514] PHP Fatal error:  Uncaught exception 'RuntimeException' with message 'Unable to create the cache directory (/var/www/app/cache/prod)\n' in /var/www/app/bootstrap.php.cache:2611\nStack trace:\n#0 /var/www/app/bootstrap.php.cache(2572): Symfony\\Component\\HttpKernel\\Kernel->buildContainer()\n#1 /var/www/app/bootstrap.php.cache(2352): Symfony\\Component\\HttpKernel\\Kernel->initializeContainer()\n#2 /var/www/app/bootstrap.php.cache(2383): Symfony\\Component\\HttpKernel\\Kernel->boot()\n#3 /var/www/web/app.php(28): Symfony\\Component\\HttpKernel\\Kernel->handle(Object(Symfony\\Component\\HttpFoundation\\Request))\n#4 {main}\n  thrown in /var/www/app/bootstrap.php.cache on line 2611
